<?xml version="1.0" encoding="UTF-8"?>
<!-- Generated by org.testng.reporters.JUnitXMLReporter -->
<testsuite ignored="1" hostname="Digvijay-SDET-Engg.local" failures="0" tests="1" name="Default test" time="4.229" errors="0" timestamp="2024-09-25T14:56:59 IST">
  <testcase classname="com.platzi.api.platzi_testcases.ProductAPITestSuite" name="validateStatusCode" time="3.196"/>
  <testcase classname="com.platzi.api.platzi_testcases.ProductAPITestSuite" name="validateTitle" time="0.0">
    <ignored/>
  </testcase> <!-- validateTitle -->
</testsuite> <!-- Default test -->
