<?xml version="1.0" encoding="UTF-8"?>
<testng-results ignored="0" total="1" passed="1" failed="0" skipped="0">
  <reporter-output>
  </reporter-output>
  <suite started-at="2024-09-25T14:56:55 IST" name="Default suite" finished-at="2024-09-25T14:56:59 IST" duration-ms="4229">
    <groups>
    </groups>
    <test started-at="2024-09-25T14:56:55 IST" name="Default test" finished-at="2024-09-25T14:56:59 IST" duration-ms="4229">
      <class name="com.platzi.api.platzi_testcases.ProductAPITestSuite">
        <test-method is-config="true" signature="setUp()[pri:0, instance:com.platzi.api.platzi_testcases.ProductAPITestSuite@cecf639]" started-at="2024-09-25T14:56:55 IST" name="setUp" finished-at="2024-09-25T14:56:56 IST" duration-ms="953" status="PASS">
          <reporter-output>
          </reporter-output>
        </test-method> <!-- setUp -->
        <test-method signature="validateStatusCode()[pri:0, instance:com.platzi.api.platzi_testcases.ProductAPITestSuite@cecf639]" started-at="2024-09-25T14:56:56 IST" name="validateStatusCode" finished-at="2024-09-25T14:56:59 IST" duration-ms="3196" status="PASS">
          <reporter-output>
          </reporter-output>
        </test-method> <!-- validateStatusCode -->
      </class> <!-- com.platzi.api.platzi_testcases.ProductAPITestSuite -->
    </test> <!-- Default test -->
  </suite> <!-- Default suite -->
</testng-results>
